(created by Matlab script collect_changelogs, version beta 3.0 on 08-Aug-2012 10:42:19 local time)


*******************************************************************************************************
*** CHANGELOG OF MODIFIED FILES

*** /home/arnitz/paris-osf/external/savefigure.m
REVISION   DATE         USER        DESCRIPTION (! bugfixes, + addons, - removals, ~ otherwise)
beta 1.0   2010-03-30   arnitz      ~ initial release
beta 2.0   2010-09-01   arnitz      ~ testing release (unstable)
beta 3.0   2012-05-07   arnitz      ~ partial bugfix release
beta 3.1   2012-05-22   arnitz      ~ complete revision of the entire function
                                    + optional override for all settings via OPTIONAL, additional settings
                                    + support for external png->eps conversion (way better results)
beta 3.2   2012-06-15   arnitz      ! colorbar/legend handles are made lowercase (again) before search;
                                      something seems to change the case, and Tag property is case sen.
beta 3.3   2012-06-26   arnitz      ~ eps conversion also for eps+png and +fig type
 

*** /home/arnitz/paris-osf/external/sec2dhms.m
REVISION   DATE         USER        DESCRIPTION (! bugfixes, + addons, - removals, ~ otherwise)
beta 1.0   2010-03-30   arnitz      ~ initial release
beta 2.0   2010-09-01   arnitz      ~ testing release (unstable)
beta 3.0   2012-05-07   arnitz      ~ partial bugfix release
beta 3.1   2012-08-08   arnitz      ! error in rounding operation (59.9sec was 0 min, 0 sec)
 



*******************************************************************************************************
*** TODO LISTS OF ALL FILES

*** /home/arnitz/paris-osf/collect_changelogs.m
- more performant implementation using cellfun
 

*** /home/arnitz/paris-osf/characteristics/tagchar_modulator.m
- retry to call lsqnonlin in case of a license error
? oversampling for calculation / downsampling before saving the results
? prevent large steps for pav (better for plots)
? switch to complete IIR model (characteristic = coefficients)
 

*** /home/arnitz/paris-osf/core/adstate.m
? select nearest for close matches
 

*** /home/arnitz/paris-osf/core/contentcheck.m
? data type check needed
 

*** /home/arnitz/paris-osf/core/criterr.m
- Matlab displays "error using ==> err at" when called from command line (fix necessary ?)
 

*** /home/arnitz/paris-osf/core/err.m
- Matlab displays "error using ==> err at" when called from command line (fix necessary ?)
 

*** /home/arnitz/paris-osf/core/interp2c.m
? check for remaining phase jumps in unwrapped Z; more intelligent unwrapping ("best dimension")
 

*** /home/arnitz/paris-osf/core/loadmat.m
? hash for generation of fieldname
 

*** /home/arnitz/paris-osf/core/msg.m
- verbosity level to be able to display certain messages without displaying all of them
 

*** /home/arnitz/paris-osf/core/renew_ticket.m
- make system calls robust against timeouts
 

*** /home/arnitz/paris-osf/core/send_email.m
- add a field "which simulation" to body (if possible)
? switch to sendmail
 

*** /home/arnitz/paris-osf/core/sparse_fir.m
= too slow (too much overhead)
? overhead check (very short input signals/impulse responses)
 

*** /home/arnitz/paris-osf/core/svn_isavailable.m
? deactivate SVN if not available for some time
 

*** /home/arnitz/paris-osf/core/svn_status.m
- recheck status from time to time; issue a warning if something has changed
 

*** /home/arnitz/paris-osf/core/version_system.m
= extract version from header, not variable (will also fix some limitations of this fcn)
? redesign without dbstack() or get_stacklevel()
 

*** /home/arnitz/paris-osf/external/addpath_symlink.m
- support full syntax of addpath
- support for Mac OS
 

*** /home/arnitz/paris-osf/external/cplot.m
- input parameter checks ?
 

*** /home/arnitz/paris-osf/external/savefigure.m
! internalsettings.legendaddwidth has influence on horz legend position. Why?!
= detect legend/colorbar alignment to be able to support arbitrary combinations of legends/colorbars
- shift label text closer to axis in 3D plots (possible?)
? x and y label outside outerposition for for small papersizes
 

*** /home/arnitz/paris-osf/external/setcolorbar.m
- colorbar with text on top (colorbar label)
 

*** /home/arnitz/paris-osf/external/xyzlimits.m
- support for outliers (outlier filter optional, default off)
 

*** /home/arnitz/paris-osf/simulator/selftest_main.m
= bring outdated selftests up to date
 

*** /home/arnitz/paris-osf/simulator/sim_mfcw_gate.m
! revise handling for non-probemode; do not demod/decode; do not count as receivers; channel R-R?, etc.
! do not initialize readerpool.n channel statistics; remove VTX from there
 

*** /home/arnitz/paris-osf/simulator/sim_mfcw_ranging.m
- better definition of demodulator cutoff frequency
- erratic hang between 'Channel Reader -> Tag' and 'Modulation of RN16 (only active tags)'
 

*** /home/arnitz/paris-osf/simulator/channel/channel_directivity.m
- third rotation dimension: [azimuth, elevation, rotation]
 

*** /home/arnitz/paris-osf/simulator/channel/channel_main.m
! directivity gain for small-scale part in "outdoor" mode should only contain the TX gain
! spots with extremely high k-factor in results: NLOS parts removed for some reason?
= revise parameter checks / filter part, ntx/nrx structure, txnum/rxnum workaround, CIR merge operation
= revise surface / virtual transmitter handling
    + use full raytracing to calculate reflection coefficients of VTX
    + link VTX to all surfaces used in the creation; only switch off those
    ? absorbtion of surfaces
    ? right now refl. are not blocked by other surfaces
- ultrawideband largescale channel
? mute version_system for large amount of channels (get versions only once)
? making entries in settings inactive by additional field in settings might be faster than deleting the
 

*** /home/arnitz/paris-osf/simulator/channel/channel_newpos.m
= make "VTX inherits trms of originating TX" optional (does not work for all scenarios)
= simplify / split in subfunctions ... this function has become rather complex and confusing
? recalculate only modified positions (performance)
? vectorize calculation of POI
 

*** /home/arnitz/paris-osf/simulator/channel/channel_small.m
- equal spacing also for LOS to first NLOS plus include trms in tmax-calculation
- performant method to randomize delay-bins independently (would solve min-diff problem)
? distributing of tap energy instead of rounding (important for small number of taps)
? sampling of spaced-frequency correlation function (does not work so far)
 

*** /home/arnitz/paris-osf/simulator/main/mfcw_gate3d.m
- name transmitters/receivers
- bring old simulation setups up to date
- function to copy+mirror transmitter (select a TX/VTX, copy to end of pool, mirror, ...)
= ability to really mirror transmitters, not just rotate them (current impl. works only for symm. gain
  patterns)
 

*** /home/arnitz/paris-osf/simulator/other/est_power.m
- merge with est_sinusoid to a generic windowed estimator (nearly idential function)
  + add variance of estimate
? other window that rectangular
 

*** /home/arnitz/paris-osf/simulator/other/est_sinusoid.m
? add variance of estimates
? other window that rectangular
 

*** /home/arnitz/paris-osf/simulator/other/findzeros.m
= more performant implementation (massive speed gain for self test)
 

*** /home/arnitz/paris-osf/simulator/other/intrand.m
? switch to randi (available since Matlab 2008b)
 

*** /home/arnitz/paris-osf/simulator/other/linktiming_reader.m
= implement ripple measurement
= time-variant moddepth measurement
- add monotony checks (avoid problems for small timings, e.g. trf=0)
- improve 10/50/90% value generation (time variant?)
- there might be some systematic error for t0_s
? stddev for t0?
 

*** /home/arnitz/paris-osf/simulator/other/linktiming_tag.m
? make robust against noise/no signal
 

*** /home/arnitz/paris-osf/simulator/other/peakrms.m
- merge with other estimators ?
 

*** /home/arnitz/paris-osf/simulator/ranging/fmcw_addfmcarrier.m
- multi-frequency-modulation CW ranging?
- add series expansion or maximum significant modulation frequency / FM component
 

*** /home/arnitz/paris-osf/simulator/ranging/mfcw_calcdist.m
- detect and remove outliers
 

*** /home/arnitz/paris-osf/simulator/ranging/mfcw_compsel.m
- santitize settings to prevent overlapping harmonics in the first place
 

*** /home/arnitz/paris-osf/simulator/ranging/uwb_addpulses.m
- ternary pulse sequence (preamble)
? bandwidth correct
 

*** /home/arnitz/paris-osf/simulator/reader/reader_demodulation.m
? output frequency @ 3dB attenuation
 

*** /home/arnitz/paris-osf/simulator/reader/reader_main.m
... ongoing FMCW implementation
- unified command for ranging window (only once per simulation)
? more intelligent estimation window selection for ranging
 

*** /home/arnitz/paris-osf/simulator/reader/reader_modulation.m
= fix overshoots for SSB-ASK
? slight changes in moddepth, PW and x during transmission
? PR-ASK also for data vectors with odd length required (problem with carrier phase after modulation)
 

*** /home/arnitz/paris-osf/simulator/reader/reader_receiver.m
- make filter a multi/narrowband bandpass (mfcw carrier pairs w. subsampling)
 

*** /home/arnitz/paris-osf/simulator/selftest/results_channel_newpos.m
= massively outdated; re-implement after re-implementation of channel_newpos;
  add missing parameters (AOI, surfaces, ...)
 

*** /home/arnitz/paris-osf/simulator/selftest/results_mfcw.m
? complete tests such that all parameters are checked (gammai, c_ord, ...)
 

*** /home/arnitz/paris-osf/simulator/selftest/results_reader_modulation.m
= add SSB-ASK after overshoot problem is fixed
 

*** /home/arnitz/paris-osf/simulator/selftest/test_channel_directivity.m
= add "full 3D" directivity patterns
 

*** /home/arnitz/paris-osf/simulator/selftest/test_channel_newpos.m
= re-implement after re-implementation of channel_newpos
 

*** /home/arnitz/paris-osf/simulator/selftest/test_channel_noise.m
- add flatness measure to checks?
 

*** /home/arnitz/paris-osf/simulator/selftest/test_channel_small.m
? narrowband correlations
 

*** /home/arnitz/paris-osf/simulator/selftest/test_main_reader_tag.m
- data check for T->R when decoding is implemented
 

*** /home/arnitz/paris-osf/simulator/selftest/test_mfcw.m
? complete tests such that all parameters are checked (gammai, c_ord, ...)
 

*** /home/arnitz/paris-osf/simulator/selftest/test_reader_modulation.m
= add SSB-ASK after overshoot problem is fixed
= time-variant checks (moddepth, ...)
 

*** /home/arnitz/paris-osf/simulator/selftest/test_reader_oscillator.m
- improve performance of cleancarrier and phasedev subfunctions
? time-variant checks
 

*** /home/arnitz/paris-osf/simulator/selftest/test_tag_modulation.m
? include tsub_s, tinv_s, tvio_s checks ("pulsewidth" tests)
 

*** /home/arnitz/paris-osf/simulator/tag/tag_demodulation.m
? ACG power detection for 2 equally strong carriers
? time-variant AGC (->power supply fluctuations, carrier fluct)
? interpolation for RC filter coefficients if sampling frequency is not an exact match
 

*** /home/arnitz/paris-osf/simulator/tag/tag_modulation.m
? carrier peak power detection instead of average (or something in between)
  (avg power leads to lower power for modulated signal => Zin>> => high output voltage for 'filter')
? random t0
- store filter coefficients (optimized offline) and not reflection coefficient
  + time-variant power detection
  + smooth transients for Rmod
- ultrawideband power detection / input impedance calculation for multiple carriers
  (remove dependence on settings.fc)
= extract middle part to tag_power, add power supply buffer model
 
