*******************************************************************************************************
*******************************************************************************************************
***
*** Created by sim_mfcw_gate.m, version beta 3.0, 01-Feb-2013 18:43:33 on host "[unknown]"
***
*******************************************************************************************************
*******************************************************************************************************



*******************************************************************************************************
* Initializing Simulator and Creating Individuals

Please note:
   .) Settings content check has been switched off for performance reasons.
   .) Delays will be rounded to sampling interval, resolution is 0.333333 ns (10 cm).

Loading Standardsettings
         ...sim_stdsettings_mfcw.m (rev.: beta 3.0 | svn-rev.: 11)

Readerpool
         => WARNING: There is a bug in the handling of VTX in standard mode. Sorry.
         ...reader_main.m (rev.: beta 3.0 | svn-rev.: 11)
            ...reader_modulation.m (rev.: beta 3.0 | svn-rev.: 11)
         ...subsampling.m (rev.: beta 3.0 | svn-rev.: 11)
         ...reader_main.m (rev.: beta 3.0 | svn-rev.: 11)
            ...reader_modulation.m (rev.: beta 3.0 | svn-rev.: 11)
         ...subsampling.m (rev.: beta 3.0 | svn-rev.: 11)
         ...reader_main.m (rev.: beta 3.0 | svn-rev.: 11)
            ...reader_modulation.m (rev.: beta 3.0 | svn-rev.: 11)
         ...subsampling.m (rev.: beta 3.0 | svn-rev.: 11)
         ...reader_main.m (rev.: beta 3.0 | svn-rev.: 11)
            ...reader_modulation.m (rev.: beta 3.0 | svn-rev.: 11)
         ...subsampling.m (rev.: beta 3.0 | svn-rev.: 11)
         ...reader_main.m (rev.: beta 3.0 | svn-rev.: 11)
            ...reader_modulation.m (rev.: beta 3.0 | svn-rev.: 11)
         ...subsampling.m (rev.: beta 3.0 | svn-rev.: 11)
         ...reader_main.m (rev.: beta 3.0 | svn-rev.: 11)
            ...reader_modulation.m (rev.: beta 3.0 | svn-rev.: 11)
         ...subsampling.m (rev.: beta 3.0 | svn-rev.: 11)
         ...reader_main.m (rev.: beta 3.0 | svn-rev.: 11)
            ...reader_modulation.m (rev.: beta 3.0 | svn-rev.: 11)
         ...subsampling.m (rev.: beta 3.0 | svn-rev.: 11)
         ...reader_main.m (rev.: beta 3.0 | svn-rev.: 11)
            ...reader_modulation.m (rev.: beta 3.0 | svn-rev.: 11)
         ...subsampling.m (rev.: beta 3.0 | svn-rev.: 11)
         ...reader_main.m (rev.: beta 3.0 | svn-rev.: 11)
            ...reader_modulation.m (rev.: beta 3.0 | svn-rev.: 11)
         ...subsampling.m (rev.: beta 3.0 | svn-rev.: 11)
         ...reader_main.m (rev.: beta 3.0 | svn-rev.: 11)
            ...reader_modulation.m (rev.: beta 3.0 | svn-rev.: 11)
         ...subsampling.m (rev.: beta 3.0 | svn-rev.: 11)
         ...reader_main.m (rev.: beta 3.0 | svn-rev.: 11)
            ...reader_modulation.m (rev.: beta 3.0 | svn-rev.: 11)
         ...subsampling.m (rev.: beta 3.0 | svn-rev.: 11)
         ...reader_main.m (rev.: beta 3.0 | svn-rev.: 11)
            ...reader_modulation.m (rev.: beta 3.0 | svn-rev.: 11)
         ...subsampling.m (rev.: beta 3.0 | svn-rev.: 11)
         ...reader_main.m (rev.: beta 3.0 | svn-rev.: 11)
            ...reader_modulation.m (rev.: beta 3.0 | svn-rev.: 11)
         ...subsampling.m (rev.: beta 3.0 | svn-rev.: 11)
         ...reader_main.m (rev.: beta 3.0 | svn-rev.: 11)
            ...reader_modulation.m (rev.: beta 3.0 | svn-rev.: 11)
         ...subsampling.m (rev.: beta 3.0 | svn-rev.: 11)
         ...reader_main.m (rev.: beta 3.0 | svn-rev.: 11)
            ...reader_modulation.m (rev.: beta 3.0 | svn-rev.: 11)
         ...subsampling.m (rev.: beta 3.0 | svn-rev.: 11)
         ...reader_main.m (rev.: beta 3.0 | svn-rev.: 11)
            ...reader_modulation.m (rev.: beta 3.0 | svn-rev.: 11)
         ...subsampling.m (rev.: beta 3.0 | svn-rev.: 11)
         ...reader_main.m (rev.: beta 3.0 | svn-rev.: 11)
            ...reader_modulation.m (rev.: beta 3.0 | svn-rev.: 11)
         ...subsampling.m (rev.: beta 3.0 | svn-rev.: 11)
         ...reader_main.m (rev.: beta 3.0 | svn-rev.: 11)
            ...reader_modulation.m (rev.: beta 3.0 | svn-rev.: 11)
         ...subsampling.m (rev.: beta 3.0 | svn-rev.: 11)
         ...reader_main.m (rev.: beta 3.0 | svn-rev.: 11)
            ...reader_modulation.m (rev.: beta 3.0 | svn-rev.: 11)
         ...subsampling.m (rev.: beta 3.0 | svn-rev.: 11)
         ...reader_main.m (rev.: beta 3.0 | svn-rev.: 11)
            ...reader_modulation.m (rev.: beta 3.0 | svn-rev.: 11)
         ...subsampling.m (rev.: beta 3.0 | svn-rev.: 11)
         ...reader_main.m (rev.: beta 3.0 | svn-rev.: 11)
            ...reader_modulation.m (rev.: beta 3.0 | svn-rev.: 11)
         ...subsampling.m (rev.: beta 3.0 | svn-rev.: 11)
         ...reader_main.m (rev.: beta 3.0 | svn-rev.: 11)
            ...reader_modulation.m (rev.: beta 3.0 | svn-rev.: 11)
         ...subsampling.m (rev.: beta 3.0 | svn-rev.: 11)
         ...reader_main.m (rev.: beta 3.0 | svn-rev.: 11)
            ...reader_modulation.m (rev.: beta 3.0 | svn-rev.: 11)
         ...subsampling.m (rev.: beta 3.0 | svn-rev.: 11)
         ...reader_main.m (rev.: beta 3.0 | svn-rev.: 11)
            ...reader_modulation.m (rev.: beta 3.0 | svn-rev.: 11)
         ...subsampling.m (rev.: beta 3.0 | svn-rev.: 11)

Tagpool
         => WARNING: Settings tag input carrier frequency to frequency of closest reader.
         ...get_distances.m (rev.: beta 3.0 | svn-rev.: 11)
         ...tag_main.m (rev.: beta 3.0 | svn-rev.: 11)
            ...tag_modulation.m (rev.: beta 3.0 | svn-rev.: 11)
               Using tagchar_modulator_fb.mat (created by tagchar_modulator_filterbank.m, rev.: alpha 1.2)
               => WARNING: Saturating t0_s to minimum to prevent truncation of mod part.
         ...get_distances.m (rev.: beta 3.0 | svn-rev.: 11)
         ...tag_main.m (rev.: beta 3.0 | svn-rev.: 11)
            ...tag_modulation.m (rev.: beta 3.0 | svn-rev.: 11)
               Using tagchar_modulator_fb.mat from cache (created by tagchar_modulator_filterbank.m, rev.: alpha 1.2)
               => WARNING: Saturating t0_s to minimum to prevent truncation of mod part.

Channels Reader <-> Tag
         ...channel_newpos.m (rev.: beta 3.0 | svn-rev.: 11)
            ...get_distances.m (rev.: beta 3.0 | svn-rev.: 11)
            ...get_distances.m (rev.: beta 3.0 | svn-rev.: 11)
            ...get_distances.m (rev.: beta 3.0 | svn-rev.: 11)
            ...get_distances.m (rev.: beta 3.0 | svn-rev.: 11)
            ...get_distances.m (rev.: beta 3.0 | svn-rev.: 11)
            ...get_distances.m (rev.: beta 3.0 | svn-rev.: 11)
            ...get_distances.m (rev.: beta 3.0 | svn-rev.: 11)
            ...get_distances.m (rev.: beta 3.0 | svn-rev.: 11)
            ...get_distances.m (rev.: beta 3.0 | svn-rev.: 11)
         ...channel_newpos.m (rev.: beta 3.0 | svn-rev.: 11)
            ...get_distances.m (rev.: beta 3.0 | svn-rev.: 11)
            ...get_distances.m (rev.: beta 3.0 | svn-rev.: 11)
            ...get_distances.m (rev.: beta 3.0 | svn-rev.: 11)
            ...get_distances.m (rev.: beta 3.0 | svn-rev.: 11)
            ...get_distances.m (rev.: beta 3.0 | svn-rev.: 11)
            ...get_distances.m (rev.: beta 3.0 | svn-rev.: 11)
            ...get_distances.m (rev.: beta 3.0 | svn-rev.: 11)
            ...get_distances.m (rev.: beta 3.0 | svn-rev.: 11)
            ...get_distances.m (rev.: beta 3.0 | svn-rev.: 11)

Channels Reader -> Reader
         ...channel_newpos.m (rev.: beta 3.0 | svn-rev.: 11)
            ...get_distances.m (rev.: beta 3.0 | svn-rev.: 11)
            ...get_distances.m (rev.: beta 3.0 | svn-rev.: 11)
            ...get_distances.m (rev.: beta 3.0 | svn-rev.: 11)
            ...get_distances.m (rev.: beta 3.0 | svn-rev.: 11)
            ...get_distances.m (rev.: beta 3.0 | svn-rev.: 11)
            ...get_distances.m (rev.: beta 3.0 | svn-rev.: 11)
            ...get_distances.m (rev.: beta 3.0 | svn-rev.: 11)
            ...get_distances.m (rev.: beta 3.0 | svn-rev.: 11)
            ...get_distances.m (rev.: beta 3.0 | svn-rev.: 11)


*******************************************************************************************************
* Downlink (Query command)

Preparing Query Command
   Reader 1
         ...reader_main.m (rev.: beta 3.0 | svn-rev.: 11)
            ...reader_command.m (rev.: beta 3.0 | svn-rev.: 11)
               ...crc.m (rev.: beta 3.0 | svn-rev.: 11)
            ...reader_modulation.m (rev.: beta 3.0 | svn-rev.: 11)
   Reader 2
         ...reader_main.m (rev.: beta 3.0 | svn-rev.: 11)
            ...reader_command.m (rev.: beta 3.0 | svn-rev.: 11)
               ...crc.m (rev.: beta 3.0 | svn-rev.: 11)
            ...reader_modulation.m (rev.: beta 3.0 | svn-rev.: 11)
   Reader 3
         ...reader_main.m (rev.: beta 3.0 | svn-rev.: 11)
            ...reader_command.m (rev.: beta 3.0 | svn-rev.: 11)
               ...crc.m (rev.: beta 3.0 | svn-rev.: 11)
            ...reader_modulation.m (rev.: beta 3.0 | svn-rev.: 11)
   Reader 4
         ...reader_main.m (rev.: beta 3.0 | svn-rev.: 11)
            ...reader_command.m (rev.: beta 3.0 | svn-rev.: 11)
               ...crc.m (rev.: beta 3.0 | svn-rev.: 11)
            ...reader_modulation.m (rev.: beta 3.0 | svn-rev.: 11)
         ...tag_main.m (rev.: beta 3.0 | svn-rev.: 11)
         ...tag_main.m (rev.: beta 3.0 | svn-rev.: 11)

Modulate
   Reader 1
         ...reader_main.m (rev.: beta 3.0 | svn-rev.: 11)
         ...reader_main.m (rev.: beta 3.0 | svn-rev.: 11)
            ...reader_oscillator.m (rev.: beta 3.0 | svn-rev.: 11)
               => WARNING: Oversampling rate (1.639) is close to critical.
            ...reader_modulation.m (rev.: beta 3.0 | svn-rev.: 11)
            ...reader_transmitter.m (rev.: beta 3.0 | svn-rev.: 11)

Channel Reader -> Tag
         ...channel_main.m (rev.: beta 3.0 | svn-rev.: 11)
            ...channel_large.m (rev.: beta 3.0 | svn-rev.: 11)
            ...channel_directivity.m (rev.: beta 3.1 | svn-rev.: 11)
               Using channelchar_directivity_vivaldi_4x1-20cm.mat (created by channelchar_directivity.m, rev.: alpha 1.3)
               Using channelchar_directivity_l2-dipole.mat (created by channelchar_directivity.m, rev.: alpha 1.0)
            ...channel_large.m (rev.: beta 3.0 | svn-rev.: 11)
            ...channel_directivity.m (rev.: beta 3.1 | svn-rev.: 11)
               Using channelchar_directivity_vivaldi_4x1-20cm.mat from cache (created by channelchar_directivity.m, rev.: alpha 1.3)
               Using channelchar_directivity_l2-dipole.mat from cache (created by channelchar_directivity.m, rev.: alpha 1.0)
            ...channel_surface.m (rev.: beta 3.0 | svn-rev.: 11)
            ...channel_large.m (rev.: beta 3.0 | svn-rev.: 11)
            ...channel_directivity.m (rev.: beta 3.1 | svn-rev.: 11)
               Using channelchar_directivity_vivaldi_4x1-20cm.mat from cache (created by channelchar_directivity.m, rev.: alpha 1.3)
               Using channelchar_directivity_l2-dipole.mat from cache (created by channelchar_directivity.m, rev.: alpha 1.0)
            ...channel_surface.m (rev.: beta 3.0 | svn-rev.: 11)
            ...channel_large.m (rev.: beta 3.0 | svn-rev.: 11)
            ...channel_directivity.m (rev.: beta 3.1 | svn-rev.: 11)
               Using channelchar_directivity_vivaldi_4x1-20cm.mat from cache (created by channelchar_directivity.m, rev.: alpha 1.3)
               Using channelchar_directivity_l2-dipole.mat from cache (created by channelchar_directivity.m, rev.: alpha 1.0)
            ...channel_surface.m (rev.: beta 3.0 | svn-rev.: 11)
            ...channel_large.m (rev.: beta 3.0 | svn-rev.: 11)
            ...channel_directivity.m (rev.: beta 3.1 | svn-rev.: 11)
               Using channelchar_directivity_vivaldi_4x1-20cm.mat from cache (created by channelchar_directivity.m, rev.: alpha 1.3)
               Using channelchar_directivity_l2-dipole.mat from cache (created by channelchar_directivity.m, rev.: alpha 1.0)
            ...channel_surface.m (rev.: beta 3.0 | svn-rev.: 11)
            ...channel_large.m (rev.: beta 3.0 | svn-rev.: 11)
            ...channel_directivity.m (rev.: beta 3.1 | svn-rev.: 11)
               Using channelchar_directivity_vivaldi_4x1-20cm.mat from cache (created by channelchar_directivity.m, rev.: alpha 1.3)
               Using channelchar_directivity_l2-dipole.mat from cache (created by channelchar_directivity.m, rev.: alpha 1.0)
            ...channel_large.m (rev.: beta 3.0 | svn-rev.: 11)
            ...channel_directivity.m (rev.: beta 3.1 | svn-rev.: 11)
               Using channelchar_directivity_vivaldi_4x1-20cm.mat from cache (created by channelchar_directivity.m, rev.: alpha 1.3)
               Using channelchar_directivity_l2-dipole.mat from cache (created by channelchar_directivity.m, rev.: alpha 1.0)
            ...channel_surface.m (rev.: beta 3.0 | svn-rev.: 11)
            ...channel_large.m (rev.: beta 3.0 | svn-rev.: 11)
            ...channel_directivity.m (rev.: beta 3.1 | svn-rev.: 11)
               Using channelchar_directivity_vivaldi_4x1-20cm.mat from cache (created by channelchar_directivity.m, rev.: alpha 1.3)
               Using channelchar_directivity_l2-dipole.mat from cache (created by channelchar_directivity.m, rev.: alpha 1.0)
            ...channel_surface.m (rev.: beta 3.0 | svn-rev.: 11)
            ...channel_large.m (rev.: beta 3.0 | svn-rev.: 11)
            ...channel_directivity.m (rev.: beta 3.1 | svn-rev.: 11)
               Using channelchar_directivity_vivaldi_4x1-20cm.mat from cache (created by channelchar_directivity.m, rev.: alpha 1.3)
               Using channelchar_directivity_l2-dipole.mat from cache (created by channelchar_directivity.m, rev.: alpha 1.0)
            ...channel_surface.m (rev.: beta 3.0 | svn-rev.: 11)
            ...channel_large.m (rev.: beta 3.0 | svn-rev.: 11)
            ...channel_directivity.m (rev.: beta 3.1 | svn-rev.: 11)
               Using channelchar_directivity_vivaldi_4x1-20cm.mat from cache (created by channelchar_directivity.m, rev.: alpha 1.3)
               Using channelchar_directivity_l2-dipole.mat from cache (created by channelchar_directivity.m, rev.: alpha 1.0)
            ...channel_surface.m (rev.: beta 3.0 | svn-rev.: 11)
            ...channel_large.m (rev.: beta 3.0 | svn-rev.: 11)
            ...channel_directivity.m (rev.: beta 3.1 | svn-rev.: 11)
               Using channelchar_directivity_vivaldi_4x1-20cm.mat from cache (created by channelchar_directivity.m, rev.: alpha 1.3)
               Using channelchar_directivity_l2-dipole.mat from cache (created by channelchar_directivity.m, rev.: alpha 1.0)
            ...channel_large.m (rev.: beta 3.0 | svn-rev.: 11)
            ...channel_directivity.m (rev.: beta 3.1 | svn-rev.: 11)
               Using channelchar_directivity_vivaldi_4x1-20cm.mat from cache (created by channelchar_directivity.m, rev.: alpha 1.3)
               Using channelchar_directivity_l2-dipole.mat from cache (created by channelchar_directivity.m, rev.: alpha 1.0)
            ...channel_surface.m (rev.: beta 3.0 | svn-rev.: 11)
            ...channel_large.m (rev.: beta 3.0 | svn-rev.: 11)
            ...channel_directivity.m (rev.: beta 3.1 | svn-rev.: 11)
               Using channelchar_directivity_vivaldi_4x1-20cm.mat from cache (created by channelchar_directivity.m, rev.: alpha 1.3)
               Using channelchar_directivity_l2-dipole.mat from cache (created by channelchar_directivity.m, rev.: alpha 1.0)
            ...channel_surface.m (rev.: beta 3.0 | svn-rev.: 11)
            ...channel_large.m (rev.: beta 3.0 | svn-rev.: 11)
            ...channel_directivity.m (rev.: beta 3.1 | svn-rev.: 11)
               Using channelchar_directivity_vivaldi_4x1-20cm.mat from cache (created by channelchar_directivity.m, rev.: alpha 1.3)
               Using channelchar_directivity_l2-dipole.mat from cache (created by channelchar_directivity.m, rev.: alpha 1.0)
            ...channel_surface.m (rev.: beta 3.0 | svn-rev.: 11)
            ...channel_large.m (rev.: beta 3.0 | svn-rev.: 11)
            ...channel_directivity.m (rev.: beta 3.1 | svn-rev.: 11)
               Using channelchar_directivity_vivaldi_4x1-20cm.mat from cache (created by channelchar_directivity.m, rev.: alpha 1.3)
               Using channelchar_directivity_l2-dipole.mat from cache (created by channelchar_directivity.m, rev.: alpha 1.0)
            ...channel_surface.m (rev.: beta 3.0 | svn-rev.: 11)
            ...channel_large.m (rev.: beta 3.0 | svn-rev.: 11)
            ...channel_directivity.m (rev.: beta 3.1 | svn-rev.: 11)
               Using channelchar_directivity_vivaldi_4x1-20cm.mat from cache (created by channelchar_directivity.m, rev.: alpha 1.3)
               Using channelchar_directivity_l2-dipole.mat from cache (created by channelchar_directivity.m, rev.: alpha 1.0)
            ...channel_large.m (rev.: beta 3.0 | svn-rev.: 11)
            ...channel_directivity.m (rev.: beta 3.1 | svn-rev.: 11)
               Using channelchar_directivity_vivaldi_4x1-20cm.mat from cache (created by channelchar_directivity.m, rev.: alpha 1.3)
               Using channelchar_directivity_l2-dipole.mat from cache (created by channelchar_directivity.m, rev.: alpha 1.0)
            ...channel_surface.m (rev.: beta 3.0 | svn-rev.: 11)
            ...channel_large.m (rev.: beta 3.0 | svn-rev.: 11)
            ...channel_directivity.m (rev.: beta 3.1 | svn-rev.: 11)
               Using channelchar_directivity_vivaldi_4x1-20cm.mat from cache (created by channelchar_directivity.m, rev.: alpha 1.3)
               Using channelchar_directivity_l2-dipole.mat from cache (created by channelchar_directivity.m, rev.: alpha 1.0)
            ...channel_surface.m (rev.: beta 3.0 | svn-rev.: 11)
            ...channel_large.m (rev.: beta 3.0 | svn-rev.: 11)
            ...channel_directivity.m (rev.: beta 3.1 | svn-rev.: 11)
               Using channelchar_directivity_vivaldi_4x1-20cm.mat from cache (created by channelchar_directivity.m, rev.: alpha 1.3)
               Using channelchar_directivity_l2-dipole.mat from cache (created by channelchar_directivity.m, rev.: alpha 1.0)
            ...channel_surface.m (rev.: beta 3.0 | svn-rev.: 11)
            ...channel_large.m (rev.: beta 3.0 | svn-rev.: 11)
            ...channel_directivity.m (rev.: beta 3.1 | svn-rev.: 11)
               Using channelchar_directivity_vivaldi_4x1-20cm.mat from cache (created by channelchar_directivity.m, rev.: alpha 1.3)
               Using channelchar_directivity_l2-dipole.mat from cache (created by channelchar_directivity.m, rev.: alpha 1.0)
            ...channel_surface.m (rev.: beta 3.0 | svn-rev.: 11)
            ...channel_large.m (rev.: beta 3.0 | svn-rev.: 11)
            ...channel_directivity.m (rev.: beta 3.1 | svn-rev.: 11)
               Using channelchar_directivity_vivaldi_4x1-20cm.mat from cache (created by channelchar_directivity.m, rev.: alpha 1.3)
               Using channelchar_directivity_l2-dipole.mat from cache (created by channelchar_directivity.m, rev.: alpha 1.0)
            ...channel_large.m (rev.: beta 3.0 | svn-rev.: 11)
            ...channel_directivity.m (rev.: beta 3.1 | svn-rev.: 11)
               Using channelchar_directivity_vivaldi_4x1-20cm.mat from cache (created by channelchar_directivity.m, rev.: alpha 1.3)
               Using channelchar_directivity_l2-dipole.mat from cache (created by channelchar_directivity.m, rev.: alpha 1.0)
            ...channel_surface.m (rev.: beta 3.0 | svn-rev.: 11)
            ...channel_large.m (rev.: beta 3.0 | svn-rev.: 11)
            ...channel_directivity.m (rev.: beta 3.1 | svn-rev.: 11)
               Using channelchar_directivity_vivaldi_4x1-20cm.mat from cache (created by channelchar_directivity.m, rev.: alpha 1.3)
               Using channelchar_directivity_l2-dipole.mat from cache (created by channelchar_directivity.m, rev.: alpha 1.0)
            ...channel_surface.m (rev.: beta 3.0 | svn-rev.: 11)
            ...channel_large.m (rev.: beta 3.0 | svn-rev.: 11)
            ...channel_directivity.m (rev.: beta 3.1 | svn-rev.: 11)
               Using channelchar_directivity_vivaldi_4x1-20cm.mat from cache (created by channelchar_directivity.m, rev.: alpha 1.3)
               Using channelchar_directivity_l2-dipole.mat from cache (created by channelchar_directivity.m, rev.: alpha 1.0)
            ...channel_surface.m (rev.: beta 3.0 | svn-rev.: 11)
            ...channel_large.m (rev.: beta 3.0 | svn-rev.: 11)
            ...channel_directivity.m (rev.: beta 3.1 | svn-rev.: 11)
               Using channelchar_directivity_vivaldi_4x1-20cm.mat from cache (created by channelchar_directivity.m, rev.: alpha 1.3)
               Using channelchar_directivity_l2-dipole.mat from cache (created by channelchar_directivity.m, rev.: alpha 1.0)
            ...channel_surface.m (rev.: beta 3.0 | svn-rev.: 11)
            ...channel_large.m (rev.: beta 3.0 | svn-rev.: 11)
            ...channel_directivity.m (rev.: beta 3.1 | svn-rev.: 11)
               Using channelchar_directivity_vivaldi_4x1-20cm.mat from cache (created by channelchar_directivity.m, rev.: alpha 1.3)
               Using channelchar_directivity_l2-dipole.mat from cache (created by channelchar_directivity.m, rev.: alpha 1.0)
            ...channel_large.m (rev.: beta 3.0 | svn-rev.: 11)
            ...channel_directivity.m (rev.: beta 3.1 | svn-rev.: 11)
               Using channelchar_directivity_vivaldi_4x1-20cm.mat from cache (created by channelchar_directivity.m, rev.: alpha 1.3)
               Using channelchar_directivity_l2-dipole.mat from cache (created by channelchar_directivity.m, rev.: alpha 1.0)
            ...channel_surface.m (rev.: beta 3.0 | svn-rev.: 11)
            ...channel_large.m (rev.: beta 3.0 | svn-rev.: 11)
            ...channel_directivity.m (rev.: beta 3.1 | svn-rev.: 11)
               Using channelchar_directivity_vivaldi_4x1-20cm.mat from cache (created by channelchar_directivity.m, rev.: alpha 1.3)
               Using channelchar_directivity_l2-dipole.mat from cache (created by channelchar_directivity.m, rev.: alpha 1.0)
            ...channel_surface.m (rev.: beta 3.0 | svn-rev.: 11)
            ...channel_large.m (rev.: beta 3.0 | svn-rev.: 11)
            ...channel_directivity.m (rev.: beta 3.1 | svn-rev.: 11)
               Using channelchar_directivity_vivaldi_4x1-20cm.mat from cache (created by channelchar_directivity.m, rev.: alpha 1.3)
               Using channelchar_directivity_l2-dipole.mat from cache (created by channelchar_directivity.m, rev.: alpha 1.0)
            ...channel_surface.m (rev.: beta 3.0 | svn-rev.: 11)
            ...channel_large.m (rev.: beta 3.0 | svn-rev.: 11)
            ...channel_directivity.m (rev.: beta 3.1 | svn-rev.: 11)
               Using channelchar_directivity_vivaldi_4x1-20cm.mat from cache (created by channelchar_directivity.m, rev.: alpha 1.3)
               Using channelchar_directivity_l2-dipole.mat from cache (created by channelchar_directivity.m, rev.: alpha 1.0)
            ...channel_surface.m (rev.: beta 3.0 | svn-rev.: 11)
            ...channel_large.m (rev.: beta 3.0 | svn-rev.: 11)
            ...channel_directivity.m (rev.: beta 3.1 | svn-rev.: 11)
               Using channelchar_directivity_vivaldi_4x1-20cm.mat from cache (created by channelchar_directivity.m, rev.: alpha 1.3)
               Using channelchar_directivity_l2-dipole.mat from cache (created by channelchar_directivity.m, rev.: alpha 1.0)
            ...channel_large.m (rev.: beta 3.0 | svn-rev.: 11)
            ...channel_directivity.m (rev.: beta 3.1 | svn-rev.: 11)
               Using channelchar_directivity_vivaldi_4x1-20cm.mat from cache (created by channelchar_directivity.m, rev.: alpha 1.3)
               Using channelchar_directivity_l2-dipole.mat from cache (created by channelchar_directivity.m, rev.: alpha 1.0)
            ...channel_surface.m (rev.: beta 3.0 | svn-rev.: 11)
            ...channel_large.m (rev.: beta 3.0 | svn-rev.: 11)
            ...channel_directivity.m (rev.: beta 3.1 | svn-rev.: 11)
               Using channelchar_directivity_vivaldi_4x1-20cm.mat from cache (created by channelchar_directivity.m, rev.: alpha 1.3)
               Using channelchar_directivity_l2-dipole.mat from cache (created by channelchar_directivity.m, rev.: alpha 1.0)
            ...channel_surface.m (rev.: beta 3.0 | svn-rev.: 11)
            ...channel_large.m (rev.: beta 3.0 | svn-rev.: 11)
            ...channel_directivity.m (rev.: beta 3.1 | svn-rev.: 11)
               Using channelchar_directivity_vivaldi_4x1-20cm.mat from cache (created by channelchar_directivity.m, rev.: alpha 1.3)
               Using channelchar_directivity_l2-dipole.mat from cache (created by channelchar_directivity.m, rev.: alpha 1.0)
            ...channel_surface.m (rev.: beta 3.0 | svn-rev.: 11)
            ...channel_large.m (rev.: beta 3.0 | svn-rev.: 11)
            ...channel_directivity.m (rev.: beta 3.1 | svn-rev.: 11)
               Using channelchar_directivity_vivaldi_4x1-20cm.mat from cache (created by channelchar_directivity.m, rev.: alpha 1.3)
               Using channelchar_directivity_l2-dipole.mat from cache (created by channelchar_directivity.m, rev.: alpha 1.0)
            ...channel_surface.m (rev.: beta 3.0 | svn-rev.: 11)
            ...channel_large.m (rev.: beta 3.0 | svn-rev.: 11)
            ...channel_directivity.m (rev.: beta 3.1 | svn-rev.: 11)
               Using channelchar_directivity_vivaldi_4x1-20cm.mat from cache (created by channelchar_directivity.m, rev.: alpha 1.3)
               Using channelchar_directivity_l2-dipole.mat from cache (created by channelchar_directivity.m, rev.: alpha 1.0)
            ...channel_large.m (rev.: beta 3.0 | svn-rev.: 11)
            ...channel_directivity.m (rev.: beta 3.1 | svn-rev.: 11)
               Using channelchar_directivity_vivaldi_4x1-20cm.mat from cache (created by channelchar_directivity.m, rev.: alpha 1.3)
               Using channelchar_directivity_l2-dipole.mat from cache (created by channelchar_directivity.m, rev.: alpha 1.0)
            ...channel_surface.m (rev.: beta 3.0 | svn-rev.: 11)
            ...channel_large.m (rev.: beta 3.0 | svn-rev.: 11)
            ...channel_directivity.m (rev.: beta 3.1 | svn-rev.: 11)
               Using channelchar_directivity_vivaldi_4x1-20cm.mat from cache (created by channelchar_directivity.m, rev.: alpha 1.3)
               Using channelchar_directivity_l2-dipole.mat from cache (created by channelchar_directivity.m, rev.: alpha 1.0)
            ...channel_surface.m (rev.: beta 3.0 | svn-rev.: 11)
            ...channel_large.m (rev.: beta 3.0 | svn-rev.: 11)
            ...channel_directivity.m (rev.: beta 3.1 | svn-rev.: 11)
               Using channelchar_directivity_vivaldi_4x1-20cm.mat from cache (created by channelchar_directivity.m, rev.: alpha 1.3)
               Using channelchar_directivity_l2-dipole.mat from cache (created by channelchar_directivity.m, rev.: alpha 1.0)
            ...channel_surface.m (rev.: beta 3.0 | svn-rev.: 11)
            ...channel_large.m (rev.: beta 3.0 | svn-rev.: 11)
            ...channel_directivity.m (rev.: beta 3.1 | svn-rev.: 11)
               Using channelchar_directivity_vivaldi_4x1-20cm.mat from cache (created by channelchar_directivity.m, rev.: alpha 1.3)
               Using channelchar_directivity_l2-dipole.mat from cache (created by channelchar_directivity.m, rev.: alpha 1.0)
            ...channel_surface.m (rev.: beta 3.0 | svn-rev.: 11)
            ...channel_large.m (rev.: beta 3.0 | svn-rev.: 11)
            ...channel_directivity.m (rev.: beta 3.1 | svn-rev.: 11)
               Using channelchar_directivity_vivaldi_4x1-20cm.mat from cache (created by channelchar_directivity.m, rev.: alpha 1.3)
               Using channelchar_directivity_l2-dipole.mat from cache (created by channelchar_directivity.m, rev.: alpha 1.0)
            ...channel_large.m (rev.: beta 3.0 | svn-rev.: 11)
            ...channel_directivity.m (rev.: beta 3.1 | svn-rev.: 11)
               Using channelchar_directivity_vivaldi_4x1-20cm.mat from cache (created by channelchar_directivity.m, rev.: alpha 1.3)
               Using channelchar_directivity_l2-dipole.mat from cache (created by channelchar_directivity.m, rev.: alpha 1.0)
            ...channel_large.m (rev.: beta 3.0 | svn-rev.: 11)
            ...channel_directivity.m (rev.: beta 3.1 | svn-rev.: 11)
               Using channelchar_directivity_vivaldi_4x1-20cm.mat from cache (created by channelchar_directivity.m, rev.: alpha 1.3)
               Using channelchar_directivity_l2-dipole.mat from cache (created by channelchar_directivity.m, rev.: alpha 1.0)
            ...channel_large.m (rev.: beta 3.0 | svn-rev.: 11)
            ...channel_directivity.m (rev.: beta 3.1 | svn-rev.: 11)
               Using channelchar_directivity_vivaldi_4x1-20cm.mat from cache (created by channelchar_directivity.m, rev.: alpha 1.3)
               Using channelchar_directivity_l2-dipole.mat from cache (created by channelchar_directivity.m, rev.: alpha 1.0)
            ...channel_large.m (rev.: beta 3.0 | svn-rev.: 11)
            ...channel_directivity.m (rev.: beta 3.1 | svn-rev.: 11)
               Using channelchar_directivity_vivaldi_4x1-20cm.mat from cache (created by channelchar_directivity.m, rev.: alpha 1.3)
               Using channelchar_directivity_l2-dipole.mat from cache (created by channelchar_directivity.m, rev.: alpha 1.0)
            ...channel_large.m (rev.: beta 3.0 | svn-rev.: 11)
            ...channel_directivity.m (rev.: beta 3.1 | svn-rev.: 11)
               Using channelchar_directivity_vivaldi_4x1-20cm.mat from cache (created by channelchar_directivity.m, rev.: alpha 1.3)
               Using channelchar_directivity_l2-dipole.mat from cache (created by channelchar_directivity.m, rev.: alpha 1.0)
            ...channel_large.m (rev.: beta 3.0 | svn-rev.: 11)
            ...channel_directivity.m (rev.: beta 3.1 | svn-rev.: 11)
               Using channelchar_directivity_vivaldi_4x1-20cm.mat from cache (created by channelchar_directivity.m, rev.: alpha 1.3)
               Using channelchar_directivity_l2-dipole.mat from cache (created by channelchar_directivity.m, rev.: alpha 1.0)
            ...channel_large.m (rev.: beta 3.0 | svn-rev.: 11)
            ...channel_directivity.m (rev.: beta 3.1 | svn-rev.: 11)
               Using channelchar_directivity_vivaldi_4x1-20cm.mat from cache (created by channelchar_directivity.m, rev.: alpha 1.3)
               Using channelchar_directivity_l2-dipole.mat from cache (created by channelchar_directivity.m, rev.: alpha 1.0)
            ...channel_large.m (rev.: beta 3.0 | svn-rev.: 11)
            ...channel_directivity.m (rev.: beta 3.1 | svn-rev.: 11)
               Using channelchar_directivity_vivaldi_4x1-20cm.mat from cache (created by channelchar_directivity.m, rev.: alpha 1.3)
               Using channelchar_directivity_l2-dipole.mat from cache (created by channelchar_directivity.m, rev.: alpha 1.0)
            ...channel_large.m (rev.: beta 3.0 | svn-rev.: 11)
            ...channel_directivity.m (rev.: beta 3.1 | svn-rev.: 11)
               Using channelchar_directivity_vivaldi_4x1-20cm.mat from cache (created by channelchar_directivity.m, rev.: alpha 1.3)
               Using channelchar_directivity_l2-dipole.mat from cache (created by channelchar_directivity.m, rev.: alpha 1.0)
            ...channel_large.m (rev.: beta 3.0 | svn-rev.: 11)
            ...channel_directivity.m (rev.: beta 3.1 | svn-rev.: 11)
               Using channelchar_directivity_vivaldi_4x1-20cm.mat from cache (created by channelchar_directivity.m, rev.: alpha 1.3)
               Using channelchar_directivity_l2-dipole.mat from cache (created by channelchar_directivity.m, rev.: alpha 1.0)
            ...channel_large.m (rev.: beta 3.0 | svn-rev.: 11)
            ...channel_directivity.m (rev.: beta 3.1 | svn-rev.: 11)
               Using channelchar_directivity_vivaldi_4x1-20cm.mat from cache (created by channelchar_directivity.m, rev.: alpha 1.3)
               Using channelchar_directivity_l2-dipole.mat from cache (created by channelchar_directivity.m, rev.: alpha 1.0)
            ...channel_large.m (rev.: beta 3.0 | svn-rev.: 11)
            ...channel_directivity.m (rev.: beta 3.1 | svn-rev.: 11)
               Using channelchar_directivity_vivaldi_4x1-20cm.mat from cache (created by channelchar_directivity.m, rev.: alpha 1.3)
               Using channelchar_directivity_l2-dipole.mat from cache (created by channelchar_directivity.m, rev.: alpha 1.0)
            ...channel_large.m (rev.: beta 3.0 | svn-rev.: 11)
            ...channel_directivity.m (rev.: beta 3.1 | svn-rev.: 11)
               Using channelchar_directivity_vivaldi_4x1-20cm.mat from cache (created by channelchar_directivity.m, rev.: alpha 1.3)
               Using channelchar_directivity_l2-dipole.mat from cache (created by channelchar_directivity.m, rev.: alpha 1.0)
            ...channel_large.m (rev.: beta 3.0 | svn-rev.: 11)
            ...channel_directivity.m (rev.: beta 3.1 | svn-rev.: 11)
               Using channelchar_directivity_vivaldi_4x1-20cm.mat from cache (created by channelchar_directivity.m, rev.: alpha 1.3)
               Using channelchar_directivity_l2-dipole.mat from cache (created by channelchar_directivity.m, rev.: alpha 1.0)
            ...channel_large.m (rev.: beta 3.0 | svn-rev.: 11)
            ...channel_directivity.m (rev.: beta 3.1 | svn-rev.: 11)
               Using channelchar_directivity_vivaldi_4x1-20cm.mat from cache (created by channelchar_directivity.m, rev.: alpha 1.3)
               Using channelchar_directivity_l2-dipole.mat from cache (created by channelchar_directivity.m, rev.: alpha 1.0)
            ...channel_large.m (rev.: beta 3.0 | svn-rev.: 11)
            ...channel_directivity.m (rev.: beta 3.1 | svn-rev.: 11)
               Using channelchar_directivity_vivaldi_4x1-20cm.mat from cache (created by channelchar_directivity.m, rev.: alpha 1.3)
               Using channelchar_directivity_l2-dipole.mat from cache (created by channelchar_directivity.m, rev.: alpha 1.0)
            ...channel_large.m (rev.: beta 3.0 | svn-rev.: 11)
            ...channel_directivity.m (rev.: beta 3.1 | svn-rev.: 11)
               Using channelchar_directivity_vivaldi_4x1-20cm.mat from cache (created by channelchar_directivity.m, rev.: alpha 1.3)
               Using channelchar_directivity_l2-dipole.mat from cache (created by channelchar_directivity.m, rev.: alpha 1.0)
            ...channel_large.m (rev.: beta 3.0 | svn-rev.: 11)
            ...channel_directivity.m (rev.: beta 3.1 | svn-rev.: 11)
               Using channelchar_directivity_vivaldi_4x1-20cm.mat from cache (created by channelchar_directivity.m, rev.: alpha 1.3)
               Using channelchar_directivity_l2-dipole.mat from cache (created by channelchar_directivity.m, rev.: alpha 1.0)
            ...channel_large.m (rev.: beta 3.0 | svn-rev.: 11)
            ...channel_directivity.m (rev.: beta 3.1 | svn-rev.: 11)
               Using channelchar_directivity_vivaldi_4x1-20cm.mat from cache (created by channelchar_directivity.m, rev.: alpha 1.3)
               Using channelchar_directivity_l2-dipole.mat from cache (created by channelchar_directivity.m, rev.: alpha 1.0)
            ...channel_large.m (rev.: beta 3.0 | svn-rev.: 11)
            ...channel_directivity.m (rev.: beta 3.1 | svn-rev.: 11)
               Using channelchar_directivity_vivaldi_4x1-20cm.mat from cache (created by channelchar_directivity.m, rev.: alpha 1.3)
               Using channelchar_directivity_l2-dipole.mat from cache (created by channelchar_directivity.m, rev.: alpha 1.0)
            ...channel_large.m (rev.: beta 3.0 | svn-rev.: 11)
            ...channel_directivity.m (rev.: beta 3.1 | svn-rev.: 11)
               Using channelchar_directivity_vivaldi_4x1-20cm.mat from cache (created by channelchar_directivity.m, rev.: alpha 1.3)
               Using channelchar_directivity_l2-dipole.mat from cache (created by channelchar_directivity.m, rev.: alpha 1.0)
            ...channel_large.m (rev.: beta 3.0 | svn-rev.: 11)
            ...channel_directivity.m (rev.: beta 3.1 | svn-rev.: 11)
               Using channelchar_directivity_vivaldi_4x1-20cm.mat from cache (created by channelchar_directivity.m, rev.: alpha 1.3)
               Using channelchar_directivity_l2-dipole.mat from cache (created by channelchar_directivity.m, rev.: alpha 1.0)
            ...channel_large.m (rev.: beta 3.0 | svn-rev.: 11)
            ...channel_directivity.m (rev.: beta 3.1 | svn-rev.: 11)
               Using channelchar_directivity_vivaldi_4x1-20cm.mat from cache (created by channelchar_directivity.m, rev.: alpha 1.3)
               Using channelchar_directivity_l2-dipole.mat from cache (created by channelchar_directivity.m, rev.: alpha 1.0)
            ...channel_large.m (rev.: beta 3.0 | svn-rev.: 11)
            ...channel_directivity.m (rev.: beta 3.1 | svn-rev.: 11)
               Using channelchar_directivity_vivaldi_4x1-20cm.mat from cache (created by channelchar_directivity.m, rev.: alpha 1.3)
               Using channelchar_directivity_l2-dipole.mat from cache (created by channelchar_directivity.m, rev.: alpha 1.0)
            ...channel_large.m (rev.: beta 3.0 | svn-rev.: 11)
            ...channel_directivity.m (rev.: beta 3.1 | svn-rev.: 11)
               Using channelchar_directivity_vivaldi_4x1-20cm.mat from cache (created by channelchar_directivity.m, rev.: alpha 1.3)
               Using channelchar_directivity_l2-dipole.mat from cache (created by channelchar_directivity.m, rev.: alpha 1.0)
            ...channel_large.m (rev.: beta 3.0 | svn-rev.: 11)
            ...channel_directivity.m (rev.: beta 3.1 | svn-rev.: 11)
               Using channelchar_directivity_vivaldi_4x1-20cm.mat from cache (created by channelchar_directivity.m, rev.: alpha 1.3)
               Using channelchar_directivity_l2-dipole.mat from cache (created by channelchar_directivity.m, rev.: alpha 1.0)
            ...channel_large.m (rev.: beta 3.0 | svn-rev.: 11)
            ...channel_directivity.m (rev.: beta 3.1 | svn-rev.: 11)
               Using channelchar_directivity_vivaldi_4x1-20cm.mat from cache (created by channelchar_directivity.m, rev.: alpha 1.3)
               Using channelchar_directivity_l2-dipole.mat from cache (created by channelchar_directivity.m, rev.: alpha 1.0)
            ...channel_large.m (rev.: beta 3.0 | svn-rev.: 11)
            ...channel_directivity.m (rev.: beta 3.1 | svn-rev.: 11)
               Using channelchar_directivity_vivaldi_4x1-20cm.mat from cache (created by channelchar_directivity.m, rev.: alpha 1.3)
               Using channelchar_directivity_l2-dipole.mat from cache (created by channelchar_directivity.m, rev.: alpha 1.0)
            ...channel_large.m (rev.: beta 3.0 | svn-rev.: 11)
            ...channel_directivity.m (rev.: beta 3.1 | svn-rev.: 11)
               Using channelchar_directivity_vivaldi_4x1-20cm.mat from cache (created by channelchar_directivity.m, rev.: alpha 1.3)
               Using channelchar_directivity_l2-dipole.mat from cache (created by channelchar_directivity.m, rev.: alpha 1.0)
            ...channel_large.m (rev.: beta 3.0 | svn-rev.: 11)
            ...channel_directivity.m (rev.: beta 3.1 | svn-rev.: 11)
               Using channelchar_directivity_vivaldi_4x1-20cm.mat from cache (created by channelchar_directivity.m, rev.: alpha 1.3)
               Using channelchar_directivity_l2-dipole.mat from cache (created by channelchar_directivity.m, rev.: alpha 1.0)
            ...channel_large.m (rev.: beta 3.0 | svn-rev.: 11)
            ...channel_directivity.m (rev.: beta 3.1 | svn-rev.: 11)
               Using channelchar_directivity_vivaldi_4x1-20cm.mat from cache (created by channelchar_directivity.m, rev.: alpha 1.3)
               Using channelchar_directivity_l2-dipole.mat from cache (created by channelchar_directivity.m, rev.: alpha 1.0)
            ...channel_large.m (rev.: beta 3.0 | svn-rev.: 11)
            ...channel_directivity.m (rev.: beta 3.1 | svn-rev.: 11)
               Using channelchar_directivity_vivaldi_4x1-20cm.mat from cache (created by channelchar_directivity.m, rev.: alpha 1.3)
               Using channelchar_directivity_l2-dipole.mat from cache (created by channelchar_directivity.m, rev.: alpha 1.0)
            ...channel_large.m (rev.: beta 3.0 | svn-rev.: 11)
            ...channel_directivity.m (rev.: beta 3.1 | svn-rev.: 11)
               Using channelchar_directivity_vivaldi_4x1-20cm.mat from cache (created by channelchar_directivity.m, rev.: alpha 1.3)
               Using channelchar_directivity_l2-dipole.mat from cache (created by channelchar_directivity.m, rev.: alpha 1.0)
            ...channel_large.m (rev.: beta 3.0 | svn-rev.: 11)
            ...channel_directivity.m (rev.: beta 3.1 | svn-rev.: 11)
               Using channelchar_directivity_vivaldi_4x1-20cm.mat from cache (created by channelchar_directivity.m, rev.: alpha 1.3)
               Using channelchar_directivity_l2-dipole.mat from cache (created by channelchar_directivity.m, rev.: alpha 1.0)
            ...channel_large.m (rev.: beta 3.0 | svn-rev.: 11)
            ...channel_directivity.m (rev.: beta 3.1 | svn-rev.: 11)
               Using channelchar_directivity_vivaldi_4x1-20cm.mat from cache (created by channelchar_directivity.m, rev.: alpha 1.3)
               Using channelchar_directivity_l2-dipole.mat from cache (created by channelchar_directivity.m, rev.: alpha 1.0)
            ...channel_large.m (rev.: beta 3.0 | svn-rev.: 11)
            ...channel_directivity.m (rev.: beta 3.1 | svn-rev.: 11)
               Using channelchar_directivity_vivaldi_4x1-20cm.mat from cache (created by channelchar_directivity.m, rev.: alpha 1.3)
               Using channelchar_directivity_l2-dipole.mat from cache (created by channelchar_directivity.m, rev.: alpha 1.0)
            ...channel_large.m (rev.: beta 3.0 | svn-rev.: 11)
            ...channel_directivity.m (rev.: beta 3.1 | svn-rev.: 11)
               Using channelchar_directivity_vivaldi_4x1-20cm.mat from cache (created by channelchar_directivity.m, rev.: alpha 1.3)
               Using channelchar_directivity_l2-dipole.mat from cache (created by channelchar_directivity.m, rev.: alpha 1.0)
            ...channel_large.m (rev.: beta 3.0 | svn-rev.: 11)
            ...channel_directivity.m (rev.: beta 3.1 | svn-rev.: 11)
               Using channelchar_directivity_vivaldi_4x1-20cm.mat from cache (created by channelchar_directivity.m, rev.: alpha 1.3)
               Using channelchar_directivity_l2-dipole.mat from cache (created by channelchar_directivity.m, rev.: alpha 1.0)
            ...channel_large.m (rev.: beta 3.0 | svn-rev.: 11)
            ...channel_directivity.m (rev.: beta 3.1 | svn-rev.: 11)
               Using channelchar_directivity_vivaldi_4x1-20cm.mat from cache (created by channelchar_directivity.m, rev.: alpha 1.3)
               Using channelchar_directivity_l2-dipole.mat from cache (created by channelchar_directivity.m, rev.: alpha 1.0)
            => WARNING: Transient region of channel is longer than the shortest input signal. The output signal will not reach stationarity!
            Considering the following amount of paths per channel transmitter -> receiver:
                    rx01 rx02 
              tx01     9    9 
              tx02     9    9 
              tx03     9    9 
              tx04     9    9 
{Invalid field name: 'syschar_sparsefir_[unknown]'.

Error in <a href="matlab:helpUtils.errorDocCallback('loadmat', '/Users/johnpohollaren/Documents/Reynolds_Lab/RFID-Copter/PARIS/source/core/loadmat.m', 97)" style="font-weight:bold">loadmat</a> (<a href="matlab: opentoline('/Users/johnpohollaren/Documents/Reynolds_Lab/RFID-Copter/PARIS/source/core/loadmat.m',97,0)">line 97</a>)
      loadmat_cache.(fieldname) = data;

Error in <a href="matlab:helpUtils.errorDocCallback('channel_main', '/Users/johnpohollaren/Documents/Reynolds_Lab/RFID-Copter/PARIS/source/simulator/channel/channel_main.m', 520)" style="font-weight:bold">channel_main</a> (<a href="matlab: opentoline('/Users/johnpohollaren/Documents/Reynolds_Lab/RFID-Copter/PARIS/source/simulator/channel/channel_main.m',520,0)">line 520</a>)
pchar = loadmat(globalsettings.core.sfir_char);

Error in <a href="matlab:helpUtils.errorDocCallback('sim_mfcw_gate', '/Users/johnpohollaren/Documents/Reynolds_Lab/RFID-Copter/PARIS/source/simulator/sim_mfcw_gate.m', 643)" style="font-weight:bold">sim_mfcw_gate</a> (<a href="matlab: opentoline('/Users/johnpohollaren/Documents/Reynolds_Lab/RFID-Copter/PARIS/source/simulator/sim_mfcw_gate.m',643,0)">line 643</a>)
   tag_carrier = channel_main(reader_carrier, settings.channel_rt);

Error in <a href="matlab:he